0 info it worked if it ends with ok
1 verbose cli [ 'node', '/usr/local/bin/npm', 'publish' ]
2 info using npm@1.3.21
3 info using node@v0.10.24
4 verbose publish [ '.' ]
5 verbose cache add [ '.', null ]
6 verbose cache add name=undefined spec="." args=[".",null]
7 verbose parsed url { protocol: null,
7 verbose parsed url   slashes: null,
7 verbose parsed url   auth: null,
7 verbose parsed url   host: null,
7 verbose parsed url   port: null,
7 verbose parsed url   hostname: null,
7 verbose parsed url   hash: null,
7 verbose parsed url   search: null,
7 verbose parsed url   query: null,
7 verbose parsed url   pathname: '.',
7 verbose parsed url   path: '.',
7 verbose parsed url   href: '.' }
8 silly lockFile 3a52ce78- .
9 verbose lock . /Users/chalaschek/.npm/3a52ce78-.lock
10 verbose tar pack [ '/var/folders/49/glcy4v611gbg8pgwhj852qtr0000gn/T/npm-89186-xrmTFXkA/1392413927338-0.09212796739302576/tmp.tgz',
10 verbose tar pack   '.' ]
11 verbose tarball /var/folders/49/glcy4v611gbg8pgwhj852qtr0000gn/T/npm-89186-xrmTFXkA/1392413927338-0.09212796739302576/tmp.tgz
12 verbose folder .
13 info prepublish notices@0.0.4
14 silly lockFile 1f1177db-tar tar://.
15 verbose lock tar://. /Users/chalaschek/.npm/1f1177db-tar.lock
16 silly lockFile ee1823be-7338-0-09212796739302576-tmp-tgz tar:///var/folders/49/glcy4v611gbg8pgwhj852qtr0000gn/T/npm-89186-xrmTFXkA/1392413927338-0.09212796739302576/tmp.tgz
17 verbose lock tar:///var/folders/49/glcy4v611gbg8pgwhj852qtr0000gn/T/npm-89186-xrmTFXkA/1392413927338-0.09212796739302576/tmp.tgz /Users/chalaschek/.npm/ee1823be-7338-0-09212796739302576-tmp-tgz.lock
18 silly lockFile 1f1177db-tar tar://.
19 silly lockFile 1f1177db-tar tar://.
20 silly lockFile ee1823be-7338-0-09212796739302576-tmp-tgz tar:///var/folders/49/glcy4v611gbg8pgwhj852qtr0000gn/T/npm-89186-xrmTFXkA/1392413927338-0.09212796739302576/tmp.tgz
21 silly lockFile ee1823be-7338-0-09212796739302576-tmp-tgz tar:///var/folders/49/glcy4v611gbg8pgwhj852qtr0000gn/T/npm-89186-xrmTFXkA/1392413927338-0.09212796739302576/tmp.tgz
22 verbose tar unpack /var/folders/49/glcy4v611gbg8pgwhj852qtr0000gn/T/npm-89186-xrmTFXkA/1392413927338-0.09212796739302576/tmp.tgz
23 silly lockFile 5d19f55e-7338-0-09212796739302576-package tar:///var/folders/49/glcy4v611gbg8pgwhj852qtr0000gn/T/npm-89186-xrmTFXkA/1392413927338-0.09212796739302576/package
24 verbose lock tar:///var/folders/49/glcy4v611gbg8pgwhj852qtr0000gn/T/npm-89186-xrmTFXkA/1392413927338-0.09212796739302576/package /Users/chalaschek/.npm/5d19f55e-7338-0-09212796739302576-package.lock
25 silly lockFile ee1823be-7338-0-09212796739302576-tmp-tgz tar:///var/folders/49/glcy4v611gbg8pgwhj852qtr0000gn/T/npm-89186-xrmTFXkA/1392413927338-0.09212796739302576/tmp.tgz
26 verbose lock tar:///var/folders/49/glcy4v611gbg8pgwhj852qtr0000gn/T/npm-89186-xrmTFXkA/1392413927338-0.09212796739302576/tmp.tgz /Users/chalaschek/.npm/ee1823be-7338-0-09212796739302576-tmp-tgz.lock
27 silly gunzTarPerm modes [ '755', '644' ]
28 silly gunzTarPerm extractEntry package.json
29 silly gunzTarPerm extractEntry .npmignore
30 silly gunzTarPerm extractEntry README.md
31 silly gunzTarPerm extractEntry LICENSE
32 silly gunzTarPerm extractEntry index.js
33 silly gunzTarPerm extractEntry Makefile
34 silly gunzTarPerm extractEntry .travis.yml
35 silly gunzTarPerm extractEntry lib/notices.js
36 silly gunzTarPerm extractEntry lib/pipe.js
37 silly gunzTarPerm extractEntry lib/queue-message.js
38 silly gunzTarPerm extractEntry lib/redis-pipe.js
39 silly gunzTarPerm extractEntry History.md
40 silly gunzTarPerm extractEntry test/mongoose.js
41 silly gunzTarPerm extractEntry test/notify.js
42 silly gunzTarPerm extractEntry test/pipe.js
43 silly gunzTarPerm extractEntry test/redis-pipe.js
44 silly lockFile 5d19f55e-7338-0-09212796739302576-package tar:///var/folders/49/glcy4v611gbg8pgwhj852qtr0000gn/T/npm-89186-xrmTFXkA/1392413927338-0.09212796739302576/package
45 silly lockFile 5d19f55e-7338-0-09212796739302576-package tar:///var/folders/49/glcy4v611gbg8pgwhj852qtr0000gn/T/npm-89186-xrmTFXkA/1392413927338-0.09212796739302576/package
46 silly lockFile ee1823be-7338-0-09212796739302576-tmp-tgz tar:///var/folders/49/glcy4v611gbg8pgwhj852qtr0000gn/T/npm-89186-xrmTFXkA/1392413927338-0.09212796739302576/tmp.tgz
47 silly lockFile ee1823be-7338-0-09212796739302576-tmp-tgz tar:///var/folders/49/glcy4v611gbg8pgwhj852qtr0000gn/T/npm-89186-xrmTFXkA/1392413927338-0.09212796739302576/tmp.tgz
48 verbose tar pack [ '/Users/chalaschek/.npm/notices/0.0.4/package.tgz',
48 verbose tar pack   '/var/folders/49/glcy4v611gbg8pgwhj852qtr0000gn/T/npm-89186-xrmTFXkA/1392413927338-0.09212796739302576/package' ]
49 verbose tarball /Users/chalaschek/.npm/notices/0.0.4/package.tgz
50 verbose folder /var/folders/49/glcy4v611gbg8pgwhj852qtr0000gn/T/npm-89186-xrmTFXkA/1392413927338-0.09212796739302576/package
51 silly lockFile 5d19f55e-7338-0-09212796739302576-package tar:///var/folders/49/glcy4v611gbg8pgwhj852qtr0000gn/T/npm-89186-xrmTFXkA/1392413927338-0.09212796739302576/package
52 verbose lock tar:///var/folders/49/glcy4v611gbg8pgwhj852qtr0000gn/T/npm-89186-xrmTFXkA/1392413927338-0.09212796739302576/package /Users/chalaschek/.npm/5d19f55e-7338-0-09212796739302576-package.lock
53 silly lockFile 7032b571-ek-npm-notices-0-0-4-package-tgz tar:///Users/chalaschek/.npm/notices/0.0.4/package.tgz
54 verbose lock tar:///Users/chalaschek/.npm/notices/0.0.4/package.tgz /Users/chalaschek/.npm/7032b571-ek-npm-notices-0-0-4-package-tgz.lock
55 silly lockFile 5d19f55e-7338-0-09212796739302576-package tar:///var/folders/49/glcy4v611gbg8pgwhj852qtr0000gn/T/npm-89186-xrmTFXkA/1392413927338-0.09212796739302576/package
56 silly lockFile 5d19f55e-7338-0-09212796739302576-package tar:///var/folders/49/glcy4v611gbg8pgwhj852qtr0000gn/T/npm-89186-xrmTFXkA/1392413927338-0.09212796739302576/package
57 silly lockFile 7032b571-ek-npm-notices-0-0-4-package-tgz tar:///Users/chalaschek/.npm/notices/0.0.4/package.tgz
58 silly lockFile 7032b571-ek-npm-notices-0-0-4-package-tgz tar:///Users/chalaschek/.npm/notices/0.0.4/package.tgz
59 silly lockFile 304f9ae4-aschek-npm-notices-0-0-4-package /Users/chalaschek/.npm/notices/0.0.4/package
60 verbose lock /Users/chalaschek/.npm/notices/0.0.4/package /Users/chalaschek/.npm/304f9ae4-aschek-npm-notices-0-0-4-package.lock
61 silly lockFile 304f9ae4-aschek-npm-notices-0-0-4-package /Users/chalaschek/.npm/notices/0.0.4/package
62 silly lockFile 304f9ae4-aschek-npm-notices-0-0-4-package /Users/chalaschek/.npm/notices/0.0.4/package
63 verbose tar unpack /Users/chalaschek/.npm/notices/0.0.4/package.tgz
64 silly lockFile 616b07a7-aschek-npm-notices-0-0-4-package tar:///Users/chalaschek/.npm/notices/0.0.4/package
65 verbose lock tar:///Users/chalaschek/.npm/notices/0.0.4/package /Users/chalaschek/.npm/616b07a7-aschek-npm-notices-0-0-4-package.lock
66 silly lockFile 7032b571-ek-npm-notices-0-0-4-package-tgz tar:///Users/chalaschek/.npm/notices/0.0.4/package.tgz
67 verbose lock tar:///Users/chalaschek/.npm/notices/0.0.4/package.tgz /Users/chalaschek/.npm/7032b571-ek-npm-notices-0-0-4-package-tgz.lock
68 silly gunzTarPerm modes [ '755', '644' ]
69 silly gunzTarPerm extractEntry package.json
70 silly gunzTarPerm extractEntry .npmignore
71 silly gunzTarPerm extractEntry README.md
72 silly gunzTarPerm extractEntry LICENSE
73 silly gunzTarPerm extractEntry index.js
74 silly gunzTarPerm extractEntry .travis.yml
75 silly gunzTarPerm extractEntry History.md
76 silly gunzTarPerm extractEntry Makefile
77 silly gunzTarPerm extractEntry lib/notices.js
78 silly gunzTarPerm extractEntry lib/pipe.js
79 silly gunzTarPerm extractEntry lib/queue-message.js
80 silly gunzTarPerm extractEntry lib/redis-pipe.js
81 silly gunzTarPerm extractEntry test/mongoose.js
82 silly gunzTarPerm extractEntry test/notify.js
83 silly gunzTarPerm extractEntry test/pipe.js
84 silly gunzTarPerm extractEntry test/redis-pipe.js
85 silly lockFile 616b07a7-aschek-npm-notices-0-0-4-package tar:///Users/chalaschek/.npm/notices/0.0.4/package
86 silly lockFile 616b07a7-aschek-npm-notices-0-0-4-package tar:///Users/chalaschek/.npm/notices/0.0.4/package
87 silly lockFile 7032b571-ek-npm-notices-0-0-4-package-tgz tar:///Users/chalaschek/.npm/notices/0.0.4/package.tgz
88 silly lockFile 7032b571-ek-npm-notices-0-0-4-package-tgz tar:///Users/chalaschek/.npm/notices/0.0.4/package.tgz
89 verbose chmod /Users/chalaschek/.npm/notices/0.0.4/package.tgz 644
90 verbose chown /Users/chalaschek/.npm/notices/0.0.4/package.tgz [ 501, 20 ]
91 silly lockFile 3a52ce78- .
92 silly lockFile 3a52ce78- .
93 silly publish { name: 'notices',
93 silly publish   version: '0.0.4',
93 silly publish   private: false,
93 silly publish   description: 'distributed event broadcasting and queueing for node',
93 silly publish   keywords: [ 'notices', 'events' ],
93 silly publish   author: { name: 'Chris Halaschek', email: 'chalaschek@gmail.com' },
93 silly publish   main: 'index',
93 silly publish   contributors:
93 silly publish    [ { name: 'Chris Halaschek', email: 'chalaschek@gmail.com' },
93 silly publish      { name: 'Bernardo Gomez Palacio Valdes',
93 silly publish        email: 'bernardo.gomezpalacio@gmail.com' } ],
93 silly publish   scripts: { test: 'make test' },
93 silly publish   dependencies:
93 silly publish    { async: '0.2.9',
93 silly publish      nconf: '0.6.9',
93 silly publish      redis: '0.10.0',
93 silly publish      mongoose: '3.8.2' },
93 silly publish   devDependencies: { mocha: '1.15.1', should: '2.1.1' },
93 silly publish   readme: 'notices\n=======\n\nDistributed event broadcasting and queueing for node. [![Build Status](https://travis-ci.org/chalaschek/notices.png?branch=master)](https://travis-ci.org/chalaschek/notices)\n\n## Overview\n\n*notices* provides a simple mechanism for emitting distributed messages from objects in node. Events can be broadcast and consumed in a pub/sub like manner or emitted onto a queue.\n\n*notices* provides a pipe framework which allows arbitrary messages systems for broadcasting events. *notices* currently provides a Redis pipe. A RabbitMQ pipe will be coming soon.\n\n## Installation\n\n    $ npm install notices\n\n\n## Quickstart\n\n```js\n    var notices     = require(\'notices\').notices,\n        RedisPipe   = require(\'notices\').RedisPipe;\n\n    notices.setPipe(new RedisPipe());\n\n    // notify an object\n    var obj = {};\n    notices.notify(obj);\n\n    //pubsub quickstart\n    //set up consumer\n    notices.subscribe("channel:obj", function(err, payload){\n      // handler...\n    });\n    // broadcast a message\n    obj.publish("channel:obj", {data:\'goes here\'});\n\n    // queueing quickstart\n    // queue a message\n    obj.queue("queue:worker1", {data:\'goes here\'});\n    // dequeue the message\n    obj.dequeue("queue:worker1", function(err, queueMessage){\n      // get the payloard\n      var payload = queueMessage.payload();\n\n      // handler...\n\n      // ack the message\n      queueMessage.ack();\n    });\n\n```\n\n\n\n\n## Broadcast\n\nThe *notices* broadcast framework extends objects with the ability to broadcast and comsume message in a pub/sub like manner.\n\n### API\n\nComing soon.\n\n\n## Queueing\n\nThe *notices* queue framework extends objects with the ability to push payloads to named queues. Consumers can then dequeue payloads from the queues.\n\n### Reliablity\n\nOften queues are used for workers processes. There are numerous scenarios that can lead to failures during the processing of a dequeued payload (network disruption, worker failure, etc.).\n\nQueue reliability provided by the *pipe* used. Reliablity for the Redis *pipe* is provided by pushing queue elements onto a processing list. Once a consumer has finished processing the message, it can submit an ack and release the message for it\'s processing state. Additional montiors can inspect the processing list for elements that have been there for too long and requeue them if necessary.\n\n### API\n\nComing soon.\n\n\n## Contributors\n\n[Chris Halaschek](https://twitter.com/chalaschek)  \n[Bernardo Gomez Palacio Valdes](https://twitter.com/berngp)\n\n\n## License\n\n(The MIT License)\n\nCopyright (c) 2014 Chris Halaschek &lt;chalaschek@gmail.com&gt;\n\nPermission is hereby granted, free of charge, to any person obtaining\na copy of this software and associated documentation files (the\n\'Software\'), to deal in the Software without restriction, including\nwithout limitation the rights to use, copy, modify, merge, publish,\ndistribute, sublicense, and/or sell copies of the Software, and to\npermit persons to whom the Software is furnished to do so, subject to\nthe following conditions:\n\nThe above copyright notice and this permission notice shall be\nincluded in all copies or substantial portions of the Software.\n\nTHE SOFTWARE IS PROVIDED \'AS IS\', WITHOUT WARRANTY OF ANY KIND,\nEXPRESS OR IMPLIED, INCLUDING BUT NOT LIMITED TO THE WARRANTIES OF\nMERCHANTABILITY, FITNESS FOR A PARTICULAR PURPOSE AND NONINFRINGEMENT.\nIN NO EVENT SHALL THE AUTHORS OR COPYRIGHT HOLDERS BE LIABLE FOR ANY\nCLAIM, DAMAGES OR OTHER LIABILITY, WHETHER IN AN ACTION OF CONTRACT,\nTORT OR OTHERWISE, ARISING FROM, OUT OF OR IN CONNECTION WITH THE\nSOFTWARE OR THE USE OR OTHER DEALINGS IN THE SOFTWARE.',
93 silly publish   readmeFilename: 'README.md',
93 silly publish   _id: 'notices@0.0.4',
93 silly publish   dist: { shasum: 'c71c670804aa7b9a9aa3cf98295185373eeaf974' },
93 silly publish   _from: '.' }
94 verbose url raw notices
95 verbose url resolving [ 'https://registry.npmjs.org/', './notices' ]
96 verbose url resolved https://registry.npmjs.org/notices
97 info trying registry request attempt 1 at 16:38:47
98 http PUT https://registry.npmjs.org/notices
99 http 409 https://registry.npmjs.org/notices
100 verbose url raw notices
101 verbose url resolving [ 'https://registry.npmjs.org/', './notices' ]
102 verbose url resolved https://registry.npmjs.org/notices
103 info trying registry request attempt 1 at 16:38:47
104 http GET https://registry.npmjs.org/notices
105 http 200 https://registry.npmjs.org/notices
106 error publish fail Cannot publish over existing version.
106 error publish fail Update the 'version' field in package.json and try again.
106 error publish fail
106 error publish fail If the previous version was published in error, see:
106 error publish fail     npm help unpublish
106 error publish fail
106 error publish fail To automatically increment version numbers, see:
106 error publish fail     npm help version
107 error System Darwin 13.0.2
108 error command "node" "/usr/local/bin/npm" "publish"
109 error cwd /Users/chalaschek/Documents/Personal/code/notices
110 error node -v v0.10.24
111 error npm -v 1.3.21
112 error code EPUBLISHCONFLICT
113 verbose exit [ 1, true ]
